[2024-12-28T19:24:26.008+0000] {local_task_job_runner.py:123} INFO - ::group::Pre task execution logs
[2024-12-28T19:24:26.021+0000] {taskinstance.py:2613} INFO - Dependencies all met for dep_context=non-requeueable deps ti=<TaskInstance: spark_clickhouse_example.spark_submit_job manual__2024-12-28T19:24:24.795115+00:00 [queued]>
[2024-12-28T19:24:26.028+0000] {taskinstance.py:2613} INFO - Dependencies all met for dep_context=requeueable deps ti=<TaskInstance: spark_clickhouse_example.spark_submit_job manual__2024-12-28T19:24:24.795115+00:00 [queued]>
[2024-12-28T19:24:26.028+0000] {taskinstance.py:2866} INFO - Starting attempt 1 of 1
[2024-12-28T19:24:26.038+0000] {taskinstance.py:2889} INFO - Executing <Task(SparkSubmitOperator): spark_submit_job> on 2024-12-28 19:24:24.795115+00:00
[2024-12-28T19:24:26.045+0000] {warnings.py:112} WARNING - /home/***/.local/lib/python3.12/site-packages/***/task/task_runner/standard_task_runner.py:70: DeprecationWarning: This process (pid=1470) is multi-threaded, use of fork() may lead to deadlocks in the child.
  pid = os.fork()

[2024-12-28T19:24:26.046+0000] {standard_task_runner.py:72} INFO - Started process 1471 to run task
[2024-12-28T19:24:26.046+0000] {standard_task_runner.py:104} INFO - Running: ['***', 'tasks', 'run', 'spark_clickhouse_example', 'spark_submit_job', 'manual__2024-12-28T19:24:24.795115+00:00', '--job-id', '11', '--raw', '--subdir', 'DAGS_FOLDER/test_spark_clickhouse.py', '--cfg-path', '/tmp/tmpdyvfntp6']
[2024-12-28T19:24:26.047+0000] {standard_task_runner.py:105} INFO - Job 11: Subtask spark_submit_job
[2024-12-28T19:24:26.079+0000] {task_command.py:467} INFO - Running <TaskInstance: spark_clickhouse_example.spark_submit_job manual__2024-12-28T19:24:24.795115+00:00 [running]> on host 471d7521a401
[2024-12-28T19:24:26.137+0000] {taskinstance.py:3132} INFO - Exporting env vars: AIRFLOW_CTX_DAG_OWNER='TKO' AIRFLOW_CTX_DAG_ID='spark_clickhouse_example' AIRFLOW_CTX_TASK_ID='spark_submit_job' AIRFLOW_CTX_EXECUTION_DATE='2024-12-28T19:24:24.795115+00:00' AIRFLOW_CTX_TRY_NUMBER='1' AIRFLOW_CTX_DAG_RUN_ID='manual__2024-12-28T19:24:24.795115+00:00'
[2024-12-28T19:24:26.138+0000] {taskinstance.py:731} INFO - ::endgroup::
[2024-12-28T19:24:26.145+0000] {base.py:84} INFO - Retrieving connection 'spark'
[2024-12-28T19:24:26.145+0000] {spark_submit.py:327} ERROR - Failed to decode base64 keytab: Incorrect padding
[2024-12-28T19:24:26.146+0000] {spark_submit.py:304} INFO - Could not load connection string spark, defaulting to spark://spark-master:7077
[2024-12-28T19:24:26.147+0000] {spark_submit.py:473} INFO - Spark-Submit cmd: spark-submit --master spark://spark-master:7077 --num-executors 1 --total-executor-cores 1 --executor-cores 1 --executor-memory 12g --driver-memory 12g --name arrow-spark --verbose --deploy-mode client spark_app/spark_1.py
[2024-12-28T19:24:27.266+0000] {spark_submit.py:634} INFO - Using properties file: null
[2024-12-28T19:24:27.361+0000] {spark_submit.py:634} INFO - Parsed arguments:
[2024-12-28T19:24:27.362+0000] {spark_submit.py:634} INFO - master                  spark://spark-master:7077
[2024-12-28T19:24:27.362+0000] {spark_submit.py:634} INFO - remote                  null
[2024-12-28T19:24:27.362+0000] {spark_submit.py:634} INFO - deployMode              client
[2024-12-28T19:24:27.362+0000] {spark_submit.py:634} INFO - executorMemory          12g
[2024-12-28T19:24:27.363+0000] {spark_submit.py:634} INFO - executorCores           1
[2024-12-28T19:24:27.363+0000] {spark_submit.py:634} INFO - totalExecutorCores      1
[2024-12-28T19:24:27.363+0000] {spark_submit.py:634} INFO - propertiesFile          null
[2024-12-28T19:24:27.363+0000] {spark_submit.py:634} INFO - driverMemory            12g
[2024-12-28T19:24:27.363+0000] {spark_submit.py:634} INFO - driverCores             null
[2024-12-28T19:24:27.364+0000] {spark_submit.py:634} INFO - driverExtraClassPath    null
[2024-12-28T19:24:27.364+0000] {spark_submit.py:634} INFO - driverExtraLibraryPath  null
[2024-12-28T19:24:27.364+0000] {spark_submit.py:634} INFO - driverExtraJavaOptions  null
[2024-12-28T19:24:27.364+0000] {spark_submit.py:634} INFO - supervise               false
[2024-12-28T19:24:27.364+0000] {spark_submit.py:634} INFO - queue                   null
[2024-12-28T19:24:27.364+0000] {spark_submit.py:634} INFO - numExecutors            1
[2024-12-28T19:24:27.365+0000] {spark_submit.py:634} INFO - files                   null
[2024-12-28T19:24:27.365+0000] {spark_submit.py:634} INFO - pyFiles                 null
[2024-12-28T19:24:27.365+0000] {spark_submit.py:634} INFO - archives                null
[2024-12-28T19:24:27.365+0000] {spark_submit.py:634} INFO - mainClass               null
[2024-12-28T19:24:27.365+0000] {spark_submit.py:634} INFO - primaryResource         file:/opt/***/spark_app/spark_1.py
[2024-12-28T19:24:27.366+0000] {spark_submit.py:634} INFO - name                    arrow-spark
[2024-12-28T19:24:27.366+0000] {spark_submit.py:634} INFO - childArgs               []
[2024-12-28T19:24:27.366+0000] {spark_submit.py:634} INFO - jars                    null
[2024-12-28T19:24:27.366+0000] {spark_submit.py:634} INFO - packages                null
[2024-12-28T19:24:27.366+0000] {spark_submit.py:634} INFO - packagesExclusions      null
[2024-12-28T19:24:27.366+0000] {spark_submit.py:634} INFO - repositories            null
[2024-12-28T19:24:27.367+0000] {spark_submit.py:634} INFO - verbose                 true
[2024-12-28T19:24:27.367+0000] {spark_submit.py:634} INFO - 
[2024-12-28T19:24:27.367+0000] {spark_submit.py:634} INFO - Spark properties used, including those specified through
[2024-12-28T19:24:27.367+0000] {spark_submit.py:634} INFO - --conf and those from the properties file null:
[2024-12-28T19:24:27.367+0000] {spark_submit.py:634} INFO - (spark.driver.memory,12g)
[2024-12-28T19:24:27.367+0000] {spark_submit.py:634} INFO - 
[2024-12-28T19:24:27.368+0000] {spark_submit.py:634} INFO - 
[2024-12-28T19:24:27.577+0000] {spark_submit.py:634} INFO - Main class:
[2024-12-28T19:24:27.577+0000] {spark_submit.py:634} INFO - org.apache.spark.deploy.PythonRunner
[2024-12-28T19:24:27.578+0000] {spark_submit.py:634} INFO - Arguments:
[2024-12-28T19:24:27.578+0000] {spark_submit.py:634} INFO - file:/opt/***/spark_app/spark_1.py
[2024-12-28T19:24:27.578+0000] {spark_submit.py:634} INFO - null
[2024-12-28T19:24:27.580+0000] {spark_submit.py:634} INFO - Spark config:
[2024-12-28T19:24:27.580+0000] {spark_submit.py:634} INFO - (spark.app.name,arrow-spark)
[2024-12-28T19:24:27.580+0000] {spark_submit.py:634} INFO - (spark.app.submitTime,1735413867552)
[2024-12-28T19:24:27.581+0000] {spark_submit.py:634} INFO - (spark.cores.max,1)
[2024-12-28T19:24:27.581+0000] {spark_submit.py:634} INFO - (spark.driver.memory,12g)
[2024-12-28T19:24:27.581+0000] {spark_submit.py:634} INFO - (spark.executor.cores,1)
[2024-12-28T19:24:27.581+0000] {spark_submit.py:634} INFO - (spark.executor.memory,12g)
[2024-12-28T19:24:27.581+0000] {spark_submit.py:634} INFO - (spark.master,spark://spark-master:7077)
[2024-12-28T19:24:27.582+0000] {spark_submit.py:634} INFO - (spark.submit.deployMode,client)
[2024-12-28T19:24:27.582+0000] {spark_submit.py:634} INFO - (spark.submit.pyFiles,)
[2024-12-28T19:24:27.582+0000] {spark_submit.py:634} INFO - Classpath elements:
[2024-12-28T19:24:27.582+0000] {spark_submit.py:634} INFO - 
[2024-12-28T19:24:27.582+0000] {spark_submit.py:634} INFO - 
[2024-12-28T19:24:27.582+0000] {spark_submit.py:634} INFO - 
[2024-12-28T19:24:27.667+0000] {spark_submit.py:634} INFO - python3: can't open file '/opt/***/spark_app/spark_1.py': [Errno 2] No such file or directory
[2024-12-28T19:24:27.679+0000] {spark_submit.py:634} INFO - 24/12/28 19:24:27 INFO ShutdownHookManager: Shutdown hook called
[2024-12-28T19:24:27.690+0000] {spark_submit.py:634} INFO - 24/12/28 19:24:27 INFO ShutdownHookManager: Deleting directory /tmp/spark-a0a3fa36-473d-4d75-80b9-d7a389e81a64
[2024-12-28T19:24:27.735+0000] {taskinstance.py:3311} ERROR - Task failed with exception
Traceback (most recent call last):
  File "/home/airflow/.local/lib/python3.12/site-packages/airflow/models/taskinstance.py", line 767, in _execute_task
    result = _execute_callable(context=context, **execute_callable_kwargs)
             ^^^^^^^^^^^^^^^^^^^^^^^^^^^^^^^^^^^^^^^^^^^^^^^^^^^^^^^^^^^^^
  File "/home/airflow/.local/lib/python3.12/site-packages/airflow/models/taskinstance.py", line 733, in _execute_callable
    return ExecutionCallableRunner(
           ^^^^^^^^^^^^^^^^^^^^^^^^
  File "/home/airflow/.local/lib/python3.12/site-packages/airflow/utils/operator_helpers.py", line 252, in run
    return self.func(*args, **kwargs)
           ^^^^^^^^^^^^^^^^^^^^^^^^^^
  File "/home/airflow/.local/lib/python3.12/site-packages/airflow/models/baseoperator.py", line 417, in wrapper
    return func(self, *args, **kwargs)
           ^^^^^^^^^^^^^^^^^^^^^^^^^^^
  File "/home/airflow/.local/lib/python3.12/site-packages/airflow/providers/apache/spark/operators/spark_submit.py", line 176, in execute
    self._hook.submit(self.application)
  File "/home/airflow/.local/lib/python3.12/site-packages/airflow/providers/apache/spark/hooks/spark_submit.py", line 560, in submit
    raise AirflowException(
airflow.exceptions.AirflowException: Cannot execute: spark-submit --master spark://spark-master:7077 --num-executors 1 --total-executor-cores 1 --executor-cores 1 --executor-memory 12g --driver-memory 12g --name arrow-spark --verbose --deploy-mode client spark_app/spark_1.py. Error code is: 2.
[2024-12-28T19:24:27.738+0000] {taskinstance.py:1225} INFO - Marking task as FAILED. dag_id=spark_clickhouse_example, task_id=spark_submit_job, run_id=manual__2024-12-28T19:24:24.795115+00:00, execution_date=20241228T192424, start_date=20241228T192426, end_date=20241228T192427
[2024-12-28T19:24:27.748+0000] {taskinstance.py:340} INFO - ::group::Post task execution logs
[2024-12-28T19:24:27.749+0000] {standard_task_runner.py:124} ERROR - Failed to execute job 11 for task spark_submit_job (Cannot execute: spark-submit --master spark://spark-master:7077 --num-executors 1 --total-executor-cores 1 --executor-cores 1 --executor-memory 12g --driver-memory 12g --name arrow-spark --verbose --deploy-mode client spark_app/spark_1.py. Error code is: 2.; 1471)
Traceback (most recent call last):
  File "/home/airflow/.local/lib/python3.12/site-packages/airflow/task/task_runner/standard_task_runner.py", line 117, in _start_by_fork
    ret = args.func(args, dag=self.dag)
          ^^^^^^^^^^^^^^^^^^^^^^^^^^^^^
  File "/home/airflow/.local/lib/python3.12/site-packages/airflow/cli/cli_config.py", line 49, in command
    return func(*args, **kwargs)
           ^^^^^^^^^^^^^^^^^^^^^
  File "/home/airflow/.local/lib/python3.12/site-packages/airflow/utils/cli.py", line 116, in wrapper
    return f(*args, **kwargs)
           ^^^^^^^^^^^^^^^^^^
  File "/home/airflow/.local/lib/python3.12/site-packages/airflow/cli/commands/task_command.py", line 483, in task_run
    task_return_code = _run_task_by_selected_method(args, _dag, ti)
                       ^^^^^^^^^^^^^^^^^^^^^^^^^^^^^^^^^^^^^^^^^^^^
  File "/home/airflow/.local/lib/python3.12/site-packages/airflow/cli/commands/task_command.py", line 256, in _run_task_by_selected_method
    return _run_raw_task(args, ti)
           ^^^^^^^^^^^^^^^^^^^^^^^
  File "/home/airflow/.local/lib/python3.12/site-packages/airflow/cli/commands/task_command.py", line 341, in _run_raw_task
    return ti._run_raw_task(
           ^^^^^^^^^^^^^^^^^
  File "/home/airflow/.local/lib/python3.12/site-packages/airflow/utils/session.py", line 97, in wrapper
    return func(*args, session=session, **kwargs)
           ^^^^^^^^^^^^^^^^^^^^^^^^^^^^^^^^^^^^^^
  File "/home/airflow/.local/lib/python3.12/site-packages/airflow/models/taskinstance.py", line 3005, in _run_raw_task
    return _run_raw_task(
           ^^^^^^^^^^^^^^
  File "/home/airflow/.local/lib/python3.12/site-packages/airflow/models/taskinstance.py", line 273, in _run_raw_task
    TaskInstance._execute_task_with_callbacks(
  File "/home/airflow/.local/lib/python3.12/site-packages/airflow/models/taskinstance.py", line 3159, in _execute_task_with_callbacks
    result = self._execute_task(context, task_orig)
             ^^^^^^^^^^^^^^^^^^^^^^^^^^^^^^^^^^^^^^
  File "/home/airflow/.local/lib/python3.12/site-packages/airflow/models/taskinstance.py", line 3183, in _execute_task
    return _execute_task(self, context, task_orig)
           ^^^^^^^^^^^^^^^^^^^^^^^^^^^^^^^^^^^^^^^
  File "/home/airflow/.local/lib/python3.12/site-packages/airflow/models/taskinstance.py", line 767, in _execute_task
    result = _execute_callable(context=context, **execute_callable_kwargs)
             ^^^^^^^^^^^^^^^^^^^^^^^^^^^^^^^^^^^^^^^^^^^^^^^^^^^^^^^^^^^^^
  File "/home/airflow/.local/lib/python3.12/site-packages/airflow/models/taskinstance.py", line 733, in _execute_callable
    return ExecutionCallableRunner(
           ^^^^^^^^^^^^^^^^^^^^^^^^
  File "/home/airflow/.local/lib/python3.12/site-packages/airflow/utils/operator_helpers.py", line 252, in run
    return self.func(*args, **kwargs)
           ^^^^^^^^^^^^^^^^^^^^^^^^^^
  File "/home/airflow/.local/lib/python3.12/site-packages/airflow/models/baseoperator.py", line 417, in wrapper
    return func(self, *args, **kwargs)
           ^^^^^^^^^^^^^^^^^^^^^^^^^^^
  File "/home/airflow/.local/lib/python3.12/site-packages/airflow/providers/apache/spark/operators/spark_submit.py", line 176, in execute
    self._hook.submit(self.application)
  File "/home/airflow/.local/lib/python3.12/site-packages/airflow/providers/apache/spark/hooks/spark_submit.py", line 560, in submit
    raise AirflowException(
airflow.exceptions.AirflowException: Cannot execute: spark-submit --master spark://spark-master:7077 --num-executors 1 --total-executor-cores 1 --executor-cores 1 --executor-memory 12g --driver-memory 12g --name arrow-spark --verbose --deploy-mode client spark_app/spark_1.py. Error code is: 2.
[2024-12-28T19:24:27.790+0000] {local_task_job_runner.py:266} INFO - Task exited with return code 1
[2024-12-28T19:24:27.807+0000] {taskinstance.py:3895} INFO - 0 downstream tasks scheduled from follow-on schedule check
[2024-12-28T19:24:27.810+0000] {local_task_job_runner.py:245} INFO - ::endgroup::
